app/build/outputs/logs/manifest-merger-debug-report.txt
-- Merging decision tree log ---
manifest
ADDED from AndroidManifest.xml:2:1
	package
		ADDED from AndroidManifest.xml:3:5
		INJECTED from AndroidManifest.xml:0:0
		INJECTED from AndroidManifest.xml:0:0
	android:versionName
		ADDED from AndroidManifest.xml:5:5
	android:versionCode
		ADDED from AndroidManifest.xml:4:5
		INJECTED from AndroidManifest.xml:0:0
		INJECTED from AndroidManifest.xml:0:0
	xmlns:android
		ADDED from AndroidManifest.xml:2:11
uses-sdk
ADDED from AndroidManifest.xml:7:5
	android:targetSdkVersion
		ADDED from AndroidManifest.xml:9:9
		INJECTED from AndroidManifest.xml:0:0
		INJECTED from AndroidManifest.xml:0:0
	android:minSdkVersion
		ADDED from AndroidManifest.xml:8:9
		INJECTED from AndroidManifest.xml:0:0
		INJECTED from AndroidManifest.xml:0:0
compatible-screens
ADDED from AndroidManifest.xml:11:1
screen#small+ldpi
ADDED from AndroidManifest.xml:12:5
	android:screenDensity
		ADDED from AndroidManifest.xml:12:40
	android:screenSize
		ADDED from AndroidManifest.xml:12:13
screen#small+mdpi
ADDED from AndroidManifest.xml:13:5
	android:screenDensity
		ADDED from AndroidManifest.xml:13:40
	android:screenSize
		ADDED from AndroidManifest.xml:13:13
screen#small+hdpi
ADDED from AndroidManifest.xml:14:5
	android:screenDensity
		ADDED from AndroidManifest.xml:14:40
	android:screenSize
		ADDED from AndroidManifest.xml:14:13
screen#small+xhdpi
ADDED from AndroidManifest.xml:15:5
	android:screenDensity
		ADDED from AndroidManifest.xml:15:40
	android:screenSize
		ADDED from AndroidManifest.xml:15:13
screen#normal+ldpi
ADDED from AndroidManifest.xml:17:5
	android:screenDensity
		ADDED from AndroidManifest.xml:17:41
	android:screenSize
		ADDED from AndroidManifest.xml:17:13
screen#normal+mdpi
ADDED from AndroidManifest.xml:18:5
	android:screenDensity
		ADDED from AndroidManifest.xml:18:41
	android:screenSize
		ADDED from AndroidManifest.xml:18:13
screen#normal+hdpi
ADDED from AndroidManifest.xml:19:5
	android:screenDensity
		ADDED from AndroidManifest.xml:19:41
	android:screenSize
		ADDED from AndroidManifest.xml:19:13
screen#normal+xhdpi
ADDED from AndroidManifest.xml:20:5
	android:screenDensity
		ADDED from AndroidManifest.xml:20:41
	android:screenSize
		ADDED from AndroidManifest.xml:20:13
application
ADDED from AndroidManifest.xml:24:5
	android:label
		ADDED from AndroidManifest.xml:26:9
	android:icon
		ADDED from AndroidManifest.xml:25:9
activity#com.davidtunnell.deliverypal.SplashActivity
ADDED from AndroidManifest.xml:27:9
	android:screenOrientation
		ADDED from AndroidManifest.xml:30:13
	android:label
		ADDED from AndroidManifest.xml:29:13
	android:theme
		ADDED from AndroidManifest.xml:31:13
	android:name
		ADDED from AndroidManifest.xml:28:13
intent-filter#android.intent.action.MAIN+android.intent.category.LAUNCHER
ADDED from AndroidManifest.xml:32:13
action#android.intent.action.MAIN
ADDED from AndroidManifest.xml:33:17
	android:name
		ADDED from AndroidManifest.xml:33:25
category#android.intent.category.LAUNCHER
ADDED from AndroidManifest.xml:35:17
	android:name
		ADDED from AndroidManifest.xml:35:27
activity#com.davidtunnell.deliverypal.TabLayoutActivity
ADDED from AndroidManifest.xml:38:9
	android:screenOrientation
		ADDED from AndroidManifest.xml:42:13
	android:label
		ADDED from AndroidManifest.xml:41:13
	android:exported
		ADDED from AndroidManifest.xml:40:13
	android:name
		ADDED from AndroidManifest.xml:39:13
intent-filter#android.intent.category.DEFAULT+com.davidtunnell.deliverypal.MAINTABS
ADDED from AndroidManifest.xml:43:13
action#com.davidtunnell.deliverypal.MAINTABS
ADDED from AndroidManifest.xml:44:17
	android:name
		ADDED from AndroidManifest.xml:44:25
category#android.intent.category.DEFAULT
ADDED from AndroidManifest.xml:46:17
	android:name
		ADDED from AndroidManifest.xml:46:27
activity#com.davidtunnell.deliverypal.HomeActivity
ADDED from AndroidManifest.xml:49:9
	android:screenOrientation
		ADDED from AndroidManifest.xml:53:13
	android:label
		ADDED from AndroidManifest.xml:52:13
	android:exported
		ADDED from AndroidManifest.xml:51:13
	android:name
		ADDED from AndroidManifest.xml:50:13
intent-filter#android.intent.category.DEFAULT+com.davidtunnell.deliverypal.HOME
ADDED from AndroidManifest.xml:54:13
action#com.davidtunnell.deliverypal.HOME
ADDED from AndroidManifest.xml:55:17
	android:name
		ADDED from AndroidManifest.xml:55:25
activity#com.davidtunnell.deliverypal.About
ADDED from AndroidManifest.xml:60:9
	android:label
		ADDED from AndroidManifest.xml:63:13
	android:exported
		ADDED from AndroidManifest.xml:62:13
	android:theme
		ADDED from AndroidManifest.xml:64:13
	android:name
		ADDED from AndroidManifest.xml:61:13
intent-filter#android.intent.category.DEFAULT+com.davidtunnell.deliverypal.ABOUT
ADDED from AndroidManifest.xml:65:13
action#com.davidtunnell.deliverypal.ABOUT
ADDED from AndroidManifest.xml:66:17
	android:name
		ADDED from AndroidManifest.xml:66:25
activity#com.davidtunnell.deliverypal.Tutorial
ADDED from AndroidManifest.xml:71:9
	android:screenOrientation
		ADDED from AndroidManifest.xml:75:13
	android:label
		ADDED from AndroidManifest.xml:74:13
	android:exported
		ADDED from AndroidManifest.xml:73:13
	android:name
		ADDED from AndroidManifest.xml:72:13
intent-filter#android.intent.category.DEFAULT+com.davidtunnell.deliverypal.TUTORIAL
ADDED from AndroidManifest.xml:76:13
action#com.davidtunnell.deliverypal.TUTORIAL
ADDED from AndroidManifest.xml:77:17
	android:name
		ADDED from AndroidManifest.xml:77:25
activity#com.davidtunnell.deliverypal.Preferences
ADDED from AndroidManifest.xml:82:9
	android:screenOrientation
		ADDED from AndroidManifest.xml:86:13
	android:label
		ADDED from AndroidManifest.xml:85:13
	android:exported
		ADDED from AndroidManifest.xml:84:13
	android:name
		ADDED from AndroidManifest.xml:83:13
intent-filter#android.intent.category.DEFAULT+com.davidtunnell.deliverypal.PREFERENCES
ADDED from AndroidManifest.xml:87:13
action#com.davidtunnell.deliverypal.PREFERENCES
ADDED from AndroidManifest.xml:88:17
	android:name
		ADDED from AndroidManifest.xml:88:25
activity#com.davidtunnell.deliverypal.HistoryActivity
ADDED from AndroidManifest.xml:93:9
	android:screenOrientation
		ADDED from AndroidManifest.xml:97:13
	android:label
		ADDED from AndroidManifest.xml:96:13
	android:exported
		ADDED from AndroidManifest.xml:95:13
	android:name
		ADDED from AndroidManifest.xml:94:13
intent-filter#android.intent.category.DEFAULT+com.davidtunnell.deliverypal.HISTORY
ADDED from AndroidManifest.xml:98:13
action#com.davidtunnell.deliverypal.HISTORY
ADDED from AndroidManifest.xml:99:17
	android:name
		ADDED from AndroidManifest.xml:99:25
activity#com.davidtunnell.deliverypal.WageActivity
ADDED from AndroidManifest.xml:104:9
	android:name
		ADDED from AndroidManifest.xml:104:19
activity#com.davidtunnell.deliverypal.WageCheckedActivity
ADDED from AndroidManifest.xml:105:9
	android:name
		ADDED from AndroidManifest.xml:105:19
activity#com.davidtunnell.deliverypal.MapsActivity
ADDED from AndroidManifest.xml:106:9
	android:name
		ADDED from AndroidManifest.xml:106:19
activity#com.davidtunnell.deliverypal.GateActivity
ADDED from AndroidManifest.xml:107:9
	android:name
		ADDED from AndroidManifest.xml:107:19
activity#com.davidtunnell.deliverypal.TipsActivity
ADDED from AndroidManifest.xml:108:9
	android:name
		ADDED from AndroidManifest.xml:108:19